2025-03-21 16:46:06,737 [main.py         | 28] INFO: Start to run instance_1
2025-03-21 16:46:06,738 [simulate_api.py | 60] INFO: Start time of the simulator: 2025-03-21 00:00:00, time interval:  600.00
2025-03-21 16:46:06,745 [input_utils.py  | 28] INFO: Get 154 factories
2025-03-21 16:46:07,481 [input_utils.py  | 32] INFO: Get 23562 routes
2025-03-21 16:46:07,492 [input_utils.py  | 37] INFO: Get 5 vehicles
2025-03-21 16:46:07,498 [input_utils.py  | 41] INFO: Get 50 orders
2025-03-21 16:46:07,499 [simulate_api.py | 87] INFO: Initial position of V_1 is e2d5093fbe36431f8986ddb0e1c586be
2025-03-21 16:46:07,499 [simulate_api.py | 87] INFO: Initial position of V_2 is 7fe14b93f0f04ee7a994ef5b2c1fdb72
2025-03-21 16:46:07,499 [simulate_api.py | 87] INFO: Initial position of V_3 is fa366fc87a124d32926daa5bb093129f
2025-03-21 16:46:07,500 [simulate_api.py | 87] INFO: Initial position of V_4 is e47399648fa842b2b8f80094343d8091
2025-03-21 16:46:07,500 [simulate_api.py | 87] INFO: Initial position of V_5 is becb4f85393540b287e7329758b8d832
2025-03-21 16:46:07,500 [simulate_environment.py | 99] INFO: **************************************************
2025-03-21 16:46:07,500 [simulate_environment.py | 103] INFO: cur time: 2025-03-21 00:10:00, pre time: 2025-03-21 00:00:00
2025-03-21 16:46:07,501 [simulate_environment.py | 140] INFO: Start to update the input of 2025-03-21 00:10:00
2025-03-21 16:46:07,501 [simulate_environment.py | 167] INFO: Get 1 unallocated order items, 0 ongoing order items, 0 completed order items
2025-03-21 16:46:08,960 [simulate_environment.py | 232] INFO: 
3
V_1:[] V_2:[d1_0949450018-1 d1_0816560015-1] V_3:[d1_0625250010-1] V_4:[] V_5:[d1_0639220011-1]
Generation 1: Best Fitness = 5.42
Generation 2: Best Fitness = 5.42
Generation 3: Best Fitness = 5.42
Generation 4: Best Fitness = 5.42
Stopping early due to lack of improvement.


V_1:[] V_2:[d1_0949450018-1 p1_0950150019-1 d1_0950150019-1 d1_0816560015-1] V_3:[d1_0625250010-1 p1_0934570016-1 p1_0946040017-1 d1_0946040017-1 d1_0934570016-1] V_4:[] V_5:[d1_0639220011-1]
V_1:[] V_2:[d1_0949450018-1 p1_0950150019-1 d1_0950150019-1 d1_0816560015-1] V_3:[d1_0625250010-1 p1_0934570016-1 p1_0946040017-1 d1_0946040017-1 d1_0934570016-1] V_4:[] V_5:[d1_0639220011-1]
After GA, the cost of solution decrease from 5.42 to 5.42
SUCCESS

2025-03-21 16:46:08,961 [simulate_environment.py | 243] ERROR: Output_json files from the algorithm is not the newest.
