2025-04-02 22:32:55,907 [main.py         | 28] INFO: Start to run instance_1
2025-04-02 22:32:55,908 [simulate_api.py | 60] INFO: Start time of the simulator: 2025-04-02 00:00:00, time interval:  600.00
2025-04-02 22:32:55,915 [input_utils.py  | 28] INFO: Get 154 factories
2025-04-02 22:32:56,717 [input_utils.py  | 32] INFO: Get 23562 routes
2025-04-02 22:32:56,728 [input_utils.py  | 37] INFO: Get 5 vehicles
2025-04-02 22:32:56,734 [input_utils.py  | 41] INFO: Get 50 orders
2025-04-02 22:32:56,735 [simulate_api.py | 87] INFO: Initial position of V_1 is e2d5093fbe36431f8986ddb0e1c586be
2025-04-02 22:32:56,736 [simulate_api.py | 87] INFO: Initial position of V_2 is 7fe14b93f0f04ee7a994ef5b2c1fdb72
2025-04-02 22:32:56,736 [simulate_api.py | 87] INFO: Initial position of V_3 is fa366fc87a124d32926daa5bb093129f
2025-04-02 22:32:56,736 [simulate_api.py | 87] INFO: Initial position of V_4 is e47399648fa842b2b8f80094343d8091
2025-04-02 22:32:56,736 [simulate_api.py | 87] INFO: Initial position of V_5 is becb4f85393540b287e7329758b8d832
2025-04-02 22:32:56,736 [simulate_environment.py | 99] INFO: **************************************************
2025-04-02 22:32:56,737 [simulate_environment.py | 103] INFO: cur time: 2025-04-02 00:10:00, pre time: 2025-04-02 00:00:00
2025-04-02 22:32:56,737 [simulate_environment.py | 140] INFO: Start to update the input of 2025-04-02 00:10:00
2025-04-02 22:32:56,737 [simulate_environment.py | 167] INFO: Get 1 unallocated order items, 0 ongoing order items, 0 completed order items
2025-04-02 22:32:58,012 [simulate_environment.py | 232] INFO: Cant initialize the population
2025-04-02 22:32:57,962 [main_algorithm.py | 11] ERROR: Failed to run algorithm
FAIL

2025-04-02 22:32:58,012 [simulate_environment.py | 246] ERROR: Cant initialize the population
2025-04-02 22:32:57,962 [main_algorithm.py | 11] ERROR: Failed to run algorithm
FAIL

2025-04-02 22:32:58,012 [simulate_environment.py | 247] ERROR: Can not catch the 'SUCCESS' from the algorithm. 未寻获算法输出成功标识'SUCCESS'。
