2025-03-21 15:35:52,027 [main.py         | 28] INFO: Start to run instance_1
2025-03-21 15:35:52,028 [simulate_api.py | 60] INFO: Start time of the simulator: 2025-03-21 00:00:00, time interval:  600.00
2025-03-21 15:35:52,037 [input_utils.py  | 28] INFO: Get 154 factories
2025-03-21 15:35:53,427 [input_utils.py  | 32] INFO: Get 23562 routes
2025-03-21 15:35:53,452 [input_utils.py  | 37] INFO: Get 5 vehicles
2025-03-21 15:35:53,461 [input_utils.py  | 41] INFO: Get 50 orders
2025-03-21 15:35:53,462 [simulate_api.py | 87] INFO: Initial position of V_1 is e2d5093fbe36431f8986ddb0e1c586be
2025-03-21 15:35:53,495 [simulate_api.py | 87] INFO: Initial position of V_2 is 7fe14b93f0f04ee7a994ef5b2c1fdb72
2025-03-21 15:35:53,496 [simulate_api.py | 87] INFO: Initial position of V_3 is fa366fc87a124d32926daa5bb093129f
2025-03-21 15:35:53,496 [simulate_api.py | 87] INFO: Initial position of V_4 is e47399648fa842b2b8f80094343d8091
2025-03-21 15:35:53,496 [simulate_api.py | 87] INFO: Initial position of V_5 is becb4f85393540b287e7329758b8d832
2025-03-21 15:35:53,497 [simulate_environment.py | 99] INFO: **************************************************
2025-03-21 15:35:53,498 [simulate_environment.py | 103] INFO: cur time: 2025-03-21 00:10:00, pre time: 2025-03-21 00:00:00
2025-03-21 15:35:53,498 [simulate_environment.py | 140] INFO: Start to update the input of 2025-03-21 00:10:00
2025-03-21 15:35:53,499 [simulate_environment.py | 167] INFO: Get 1 unallocated order items, 0 ongoing order items, 0 completed order items
2025-03-21 15:35:55,596 [simulate_environment.py | 232] INFO: SUCCESS

2025-03-21 15:35:55,635 [simulate_environment.py | 254] INFO: 2025-03-21 00:10:00, Item 0003480001-1: state = 1 < 2, we can not finish the simulation
2025-03-21 15:35:55,636 [simulate_environment.py | 99] INFO: **************************************************
2025-03-21 15:35:55,637 [simulate_environment.py | 103] INFO: cur time: 2025-03-21 00:20:00, pre time: 2025-03-21 00:10:00
2025-03-21 15:35:55,638 [simulate_environment.py | 140] INFO: Start to update the input of 2025-03-21 00:20:00
2025-03-21 15:35:55,654 [simulate_environment.py | 167] INFO: Get 3 unallocated order items, 0 ongoing order items, 0 completed order items
2025-03-21 15:35:57,643 [simulate_environment.py | 232] INFO: SUCCESS

2025-03-21 15:35:57,671 [simulate_environment.py | 254] INFO: 2025-03-21 00:20:00, Item 0003480001-1: state = 1 < 2, we can not finish the simulation
2025-03-21 15:35:57,671 [simulate_environment.py | 99] INFO: **************************************************
2025-03-21 15:35:57,672 [simulate_environment.py | 103] INFO: cur time: 2025-03-21 00:30:00, pre time: 2025-03-21 00:20:00
2025-03-21 15:35:57,672 [simulate_environment.py | 140] INFO: Start to update the input of 2025-03-21 00:30:00
2025-03-21 15:35:57,685 [simulate_environment.py | 167] INFO: Get 3 unallocated order items, 0 ongoing order items, 0 completed order items
2025-03-21 15:35:59,867 [simulate_environment.py | 232] INFO: SUCCESS

2025-03-21 15:35:59,909 [simulate_environment.py | 254] INFO: 2025-03-21 00:30:00, Item 0003480001-1: state = 1 < 2, we can not finish the simulation
2025-03-21 15:35:59,911 [simulate_environment.py | 99] INFO: **************************************************
2025-03-21 15:35:59,911 [simulate_environment.py | 103] INFO: cur time: 2025-03-21 00:40:00, pre time: 2025-03-21 00:30:00
2025-03-21 15:35:59,911 [simulate_environment.py | 140] INFO: Start to update the input of 2025-03-21 00:40:00
2025-03-21 15:35:59,919 [simulate_environment.py | 167] INFO: Get 7 unallocated order items, 2 ongoing order items, 0 completed order items
2025-03-21 15:36:02,083 [simulate_environment.py | 232] INFO: SUCCESS

2025-03-21 15:36:02,121 [simulate_environment.py | 254] INFO: 2025-03-21 00:40:00, Item 0013570003-1: state = 1 < 2, we can not finish the simulation
2025-03-21 15:36:02,121 [simulate_environment.py | 99] INFO: **************************************************
2025-03-21 15:36:02,122 [simulate_environment.py | 103] INFO: cur time: 2025-03-21 00:50:00, pre time: 2025-03-21 00:40:00
2025-03-21 15:36:02,122 [simulate_environment.py | 140] INFO: Start to update the input of 2025-03-21 00:50:00
2025-03-21 15:36:02,138 [simulate_environment.py | 167] INFO: Get 4 unallocated order items, 5 ongoing order items, 0 completed order items
2025-03-21 15:36:04,059 [simulate_environment.py | 232] INFO: SUCCESS

2025-03-21 15:36:04,094 [simulate_environment.py | 254] INFO: 2025-03-21 00:50:00, Item 0013570003-1: state = 1 < 2, we can not finish the simulation
2025-03-21 15:36:04,096 [simulate_environment.py | 99] INFO: **************************************************
2025-03-21 15:36:04,097 [simulate_environment.py | 103] INFO: cur time: 2025-03-21 01:00:00, pre time: 2025-03-21 00:50:00
2025-03-21 15:36:04,097 [simulate_environment.py | 140] INFO: Start to update the input of 2025-03-21 01:00:00
2025-03-21 15:36:04,107 [simulate_environment.py | 167] INFO: Get 4 unallocated order items, 5 ongoing order items, 0 completed order items
2025-03-21 15:36:06,035 [simulate_environment.py | 232] INFO: SUCCESS

2025-03-21 15:36:06,041 [simulate_environment.py | 254] INFO: 2025-03-21 01:00:00, Item 0013570003-1: state = 1 < 2, we can not finish the simulation
2025-03-21 15:36:06,041 [simulate_environment.py | 99] INFO: **************************************************
2025-03-21 15:36:06,042 [simulate_environment.py | 103] INFO: cur time: 2025-03-21 01:10:00, pre time: 2025-03-21 01:00:00
2025-03-21 15:36:06,042 [simulate_environment.py | 140] INFO: Start to update the input of 2025-03-21 01:10:00
2025-03-21 15:36:06,044 [simulate_environment.py | 167] INFO: Get 4 unallocated order items, 5 ongoing order items, 0 completed order items
2025-03-21 15:36:08,047 [simulate_environment.py | 232] INFO: SUCCESS

2025-03-21 15:36:08,051 [simulate_environment.py | 254] INFO: 2025-03-21 01:10:00, Item 0013570003-1: state = 1 < 2, we can not finish the simulation
2025-03-21 15:36:08,051 [simulate_environment.py | 99] INFO: **************************************************
2025-03-21 15:36:08,052 [simulate_environment.py | 103] INFO: cur time: 2025-03-21 01:20:00, pre time: 2025-03-21 01:10:00
2025-03-21 15:36:08,052 [simulate_environment.py | 140] INFO: Start to update the input of 2025-03-21 01:20:00
2025-03-21 15:36:08,060 [simulate_environment.py | 167] INFO: Get 4 unallocated order items, 4 ongoing order items, 1 completed order items
2025-03-21 15:36:10,192 [simulate_environment.py | 232] INFO: SUCCESS

2025-03-21 15:36:10,214 [simulate_environment.py | 254] INFO: 2025-03-21 01:20:00, Item 0013570003-1: state = 1 < 2, we can not finish the simulation
2025-03-21 15:36:10,216 [simulate_environment.py | 99] INFO: **************************************************
2025-03-21 15:36:10,217 [simulate_environment.py | 103] INFO: cur time: 2025-03-21 01:30:00, pre time: 2025-03-21 01:20:00
2025-03-21 15:36:10,218 [simulate_environment.py | 140] INFO: Start to update the input of 2025-03-21 01:30:00
2025-03-21 15:36:10,232 [simulate_environment.py | 167] INFO: Get 4 unallocated order items, 3 ongoing order items, 2 completed order items
2025-03-21 15:36:12,165 [simulate_environment.py | 232] INFO: SUCCESS

2025-03-21 15:36:12,184 [simulate_environment.py | 254] INFO: 2025-03-21 01:30:00, Item 0013570003-1: state = 1 < 2, we can not finish the simulation
2025-03-21 15:36:12,185 [simulate_environment.py | 99] INFO: **************************************************
2025-03-21 15:36:12,185 [simulate_environment.py | 103] INFO: cur time: 2025-03-21 01:40:00, pre time: 2025-03-21 01:30:00
2025-03-21 15:36:12,185 [simulate_environment.py | 140] INFO: Start to update the input of 2025-03-21 01:40:00
2025-03-21 15:36:12,200 [simulate_environment.py | 167] INFO: Get 3 unallocated order items, 4 ongoing order items, 2 completed order items
2025-03-21 15:36:14,450 [simulate_environment.py | 232] INFO: SUCCESS

2025-03-21 15:36:14,489 [simulate_environment.py | 254] INFO: 2025-03-21 01:40:00, Item 0033520004-1: state = 1 < 2, we can not finish the simulation
2025-03-21 15:36:14,490 [simulate_environment.py | 99] INFO: **************************************************
2025-03-21 15:36:14,490 [simulate_environment.py | 103] INFO: cur time: 2025-03-21 01:50:00, pre time: 2025-03-21 01:40:00
2025-03-21 15:36:14,490 [simulate_environment.py | 140] INFO: Start to update the input of 2025-03-21 01:50:00
2025-03-21 15:36:14,498 [simulate_environment.py | 167] INFO: Get 3 unallocated order items, 1 ongoing order items, 5 completed order items
